<?xml version="1.0" encoding="UTF-8"?>
<!-- Generated by org.testng.reporters.JUnitXMLReporter -->
<testsuite ignored="2" hostname="DESKTOP-TEM0KPF" failures="0" tests="2" name="Test" time="0.222" errors="0" timestamp="2023-05-13T23:32:36 GMT-07:00">
  <testcase classname="FrameWork.FrameWork.Groups" name="sanity1" time="0.043"/>
  <testcase classname="FrameWork.FrameWork.Groups" name="sanity2" time="0.004"/>
  <testcase classname="FrameWork.FrameWork.Groups" name="Regration1" time="0.0">
    <ignored/>
  </testcase> <!-- Regration1 -->
  <testcase classname="FrameWork.FrameWork.Groups" name="Regration2" time="0.0">
    <ignored/>
  </testcase> <!-- Regration2 -->
</testsuite> <!-- Test -->
