<?xml version="1.0" encoding="UTF-8"?>
<!-- Generated by org.testng.reporters.JUnitXMLReporter -->
<testsuite ignored="2" hostname="DESKTOP-TEM0KPF" failures="0" tests="1" name="Test(failed)" time="0.082" errors="0" timestamp="2023-05-12T01:53:14 GMT-07:00">
  <testcase classname="FrameWork.FrameWork.FailedTest" name="t2" time="0.017"/>
  <testcase classname="FrameWork.FrameWork.FailedTest" name="t3" time="0.0">
    <ignored/>
  </testcase> <!-- t3 -->
  <testcase classname="FrameWork.FrameWork.FailedTest" name="t1" time="0.0">
    <ignored/>
  </testcase> <!-- t1 -->
</testsuite> <!-- Test(failed) -->
