<?xml version="1.0" encoding="UTF-8"?>
<testng-results ignored="2" total="4" passed="2" failed="0" skipped="0">
  <reporter-output>
  </reporter-output>
  <suite started-at="2023-05-13T23:32:36 GMT-07:00" name="Suite" finished-at="2023-05-13T23:32:36 GMT-07:00" duration-ms="222">
    <groups>
      <group name="sanity">
        <method signature="Groups.sanity1()[pri:0, instance:FrameWork.FrameWork.Groups@783a467b]" name="sanity1" class="FrameWork.FrameWork.Groups"/>
        <method signature="Groups.sanity2()[pri:0, instance:FrameWork.FrameWork.Groups@783a467b]" name="sanity2" class="FrameWork.FrameWork.Groups"/>
      </group> <!-- sanity -->
    </groups>
    <test started-at="2023-05-13T23:32:36 GMT-07:00" name="Test" finished-at="2023-05-13T23:32:36 GMT-07:00" duration-ms="222">
      <class name="FrameWork.FrameWork.Groups">
        <test-method signature="sanity1()[pri:0, instance:FrameWork.FrameWork.Groups@783a467b]" started-at="2023-05-13T23:32:36 GMT-07:00" name="sanity1" finished-at="2023-05-13T23:32:36 GMT-07:00" duration-ms="43" status="PASS">
          <reporter-output>
          </reporter-output>
        </test-method> <!-- sanity1 -->
        <test-method signature="sanity2()[pri:0, instance:FrameWork.FrameWork.Groups@783a467b]" started-at="2023-05-13T23:32:36 GMT-07:00" name="sanity2" finished-at="2023-05-13T23:32:36 GMT-07:00" duration-ms="4" status="PASS">
          <reporter-output>
          </reporter-output>
        </test-method> <!-- sanity2 -->
      </class> <!-- FrameWork.FrameWork.Groups -->
    </test> <!-- Test -->
  </suite> <!-- Suite -->
</testng-results>
